/*C11*/SET SCHEMA PUBLIC
INSERT INTO USERS VALUES(2,NULL,'aaaa',NULL,'gsdfsdd','d@dd.com')
COMMIT
DELETE FROM USERS WHERE ID=1
INSERT INTO USERS VALUES(1,NULL,'$2a$10$.IAE2EUwAIds5Wu8uL9rI.rCHxCpSSH3XT8OKVTAz9tl.UAxKcVjW',NULL,'reda',NULL)
COMMIT
/*C1*/SET SCHEMA SYSTEM_LOBS
INSERT INTO LOB_IDS VALUES(39,3,0,40)
ALTER SEQUENCE SYSTEM_LOBS.LOB_ID RESTART WITH 40
COMMIT
DELETE FROM BLOCKS WHERE BLOCK_ADDR=38
INSERT INTO BLOCKS VALUES(38,1,0)
INSERT INTO BLOCKS VALUES(39,2147483608,0)
DELETE FROM BLOCKS WHERE BLOCK_ADDR=38
INSERT INTO LOBS VALUES(38,1,0,39)
COMMIT
/*C11*/DELETE FROM POSTS WHERE ID=1
INSERT INTO POSTS VALUES(1,39,'2017-01-15 21:32:04.422000','sdsd',1)
SET SCHEMA SYSTEM_LOBS
DELETE FROM LOB_IDS WHERE LOB_ID=38
INSERT INTO LOB_IDS VALUES(38,3,0,40)
DELETE FROM LOB_IDS WHERE LOB_ID=39
INSERT INTO LOB_IDS VALUES(39,3,1,40)
COMMIT
SET SCHEMA PUBLIC
INSERT INTO USERS VALUES(3,NULL,'asdfasdf',NULL,'adfjas\u00f6dfj','reda134@gmail.com')
COMMIT
DELETE FROM USERS WHERE ID=1
INSERT INTO USERS VALUES(1,NULL,'$2a$10$dXU0vxD7W2zwC3s0AgFJOuKWNPQ64XshkuLnH72zQm/1M8abpzTTC',NULL,'reda',NULL)
COMMIT
/*C1*/INSERT INTO LOB_IDS VALUES(40,3,0,40)
ALTER SEQUENCE SYSTEM_LOBS.LOB_ID RESTART WITH 41
COMMIT
DELETE FROM BLOCKS WHERE BLOCK_ADDR=39
INSERT INTO BLOCKS VALUES(39,1,0)
INSERT INTO BLOCKS VALUES(40,2147483607,0)
DELETE FROM BLOCKS WHERE BLOCK_ADDR=39
INSERT INTO LOBS VALUES(39,1,0,40)
COMMIT
/*C11*/DELETE FROM POSTS WHERE ID=1
INSERT INTO POSTS VALUES(1,40,'2017-01-15 21:32:48.919000','sdsd',1)
SET SCHEMA SYSTEM_LOBS
DELETE FROM LOB_IDS WHERE LOB_ID=39
INSERT INTO LOB_IDS VALUES(39,3,0,40)
DELETE FROM LOB_IDS WHERE LOB_ID=40
INSERT INTO LOB_IDS VALUES(40,3,1,40)
COMMIT
